<?xml version="1.0" encoding="UTF-8"?>
<!-- Generated by org.testng.reporters.JUnitReportReporter -->
<testsuite hostname="DESKTOP-0BCQTVB" failures="0" tests="2" name="com.cs.tests.LoginTests" time="19.334" errors="0" timestamp="2024-01-12T11:17:34 IST" skipped="0">
  <testcase classname="com.cs.tests.LoginTests" name="test1" time="9.718"/>
  <testcase classname="com.cs.tests.LoginTests" name="test2" time="9.616"/>
</testsuite> <!-- com.cs.tests.LoginTests -->
