<?xml version="1.0" encoding="UTF-8"?>
<!-- Generated by org.testng.reporters.JUnitReportReporter -->
<testsuite hostname="DESKTOP-0BCQTVB" failures="0" tests="1" name="com.cs.tests.CustomerTests" time="11.040" errors="0" timestamp="2024-01-17T09:03:30 IST" skipped="0">
  <testcase classname="com.cs.tests.CustomerTests" name="addCustomerTest" time="11.040"/>
</testsuite> <!-- com.cs.tests.CustomerTests -->
