<?xml version="1.0" encoding="UTF-8"?>
<!-- Generated by org.testng.reporters.JUnitReportReporter -->
<testsuite hostname="DESKTOP-0BCQTVB" failures="0" tests="1" name="com.cs.tests.HomePageTests" time="6.572" errors="0" timestamp="2024-01-12T11:17:34 IST" skipped="0">
  <testcase classname="com.cs.tests.HomePageTests" name="test3" time="6.572"/>
</testsuite> <!-- com.cs.tests.HomePageTests -->
